<?xml version="1.0" encoding="UTF-8"?>
<testng-results skipped="0" failed="0" ignored="0" total="1" passed="1">
  <reporter-output>
  </reporter-output>
  <suite name="Testng seesion" duration-ms="12382" started-at="2022-06-06T15:48:00 IST" finished-at="2022-06-06T15:48:13 IST">
    <groups>
    </groups>
    <test name="Different testing features" duration-ms="12382" started-at="2022-06-06T15:48:00 IST" finished-at="2022-06-06T15:48:13 IST">
      <class name="Seleneium.Parmeters">
        <test-method status="PASS" signature="yahoologin(java.lang.String,java.lang.String)[pri:0, instance:Seleneium.Parmeters@614ddd49]" name="yahoologin" duration-ms="12359" started-at="2022-06-06T15:48:00 IST" finished-at="2022-06-06T15:48:13 IST">
          <params>
            <param index="0">
              <value>
                <![CDATA[https://login.yahoo.com/]]>
              </value>
            </param>
            <param index="1">
              <value>
                <![CDATA[test@gmail.com]]>
              </value>
            </param>
          </params>
          <reporter-output>
          </reporter-output>
        </test-method> <!-- yahoologin -->
      </class> <!-- Seleneium.Parmeters -->
    </test> <!-- Different testing features -->
  </suite> <!-- Testng seesion -->
</testng-results>
